<?xml version="1.0" encoding="UTF-8"?>
<!-- Generated by org.testng.reporters.JUnitReportReporter -->
<testsuite hostname="Serhiis-MBP-2.lan" failures="0" tests="2" name="testcases.MyForkSignInTest" time="16.058" errors="0" timestamp="2023-07-10T19:46:00 EDT" skipped="0">
  <testcase classname="testcases.MyForkSignInTest" name="fillEmailAndPasswordFieldAndValidateError" time="6.065"/>
  <testcase classname="testcases.MyForkSignInTest" name="fillEmailAndPasswordFieldAndValidateError" time="9.993"/>
</testsuite> <!-- testcases.MyForkSignInTest -->
