<?xml version="1.0" encoding="UTF-8"?>
<!-- Generated by org.testng.reporters.JUnitReportReporter -->
<testsuite hostname="Serhiis-MBP-2.lan" failures="0" tests="1" name="testcases.TabAndScrollActionsTest" time="10.535" errors="0" timestamp="2023-07-10T19:46:00 EDT" skipped="0">
  <testcase classname="testcases.TabAndScrollActionsTest" name="switchTabAndScrollDown" time="10.535"/>
</testsuite> <!-- testcases.TabAndScrollActionsTest -->
